<component name="libraryTable">
  <library name="junit4">
    <CLASSES>
      <root url="file://$PROJECT_DIR$/../external lib/junit4.12" />
    </CLASSES>
    <JAVADOC />
    <SOURCES />
    <jarDirectory url="file://$PROJECT_DIR$/../external lib/junit4.12" recursive="false" />
  </library>
</component>